<?xml version="1.0" encoding="utf-8"?><testsuites><testsuite errors="0" failures="0" hostname="MacBook-Pro-de-Renan.local" name="pytest" skipped="0" tests="7" time="4.408" timestamp="2020-05-09T01:02:46.192142"><testcase classname="test_submit" file="test_submit.py" line="3" name="test_q1" time="0.003"><system-out>5.681722541339695e-07
</system-out></testcase><testcase classname="test_submit" file="test_submit.py" line="8" name="test_q2" time="0.003"><system-out>(13.03363513594265, 0.001478366424594868)
</system-out></testcase><testcase classname="test_submit" file="test_submit.py" line="13" name="test_q3" time="0.003"><system-out>1.5898922918029537e-111
</system-out></testcase><testcase classname="test_submit" file="test_submit.py" line="18" name="test_q4" time="0.005"><system-out>1.0930340832146251e-111
</system-out></testcase><testcase classname="test_submit" file="test_submit.py" line="23" name="test_q5" time="0.004"></testcase><testcase classname="test_submit" file="test_submit.py" line="28" name="test_q6" time="0.002"></testcase><testcase classname="test_submit" file="test_submit.py" line="33" name="test_q7" time="0.002"></testcase></testsuite></testsuites>